(0000) 3000  0011000000000000 (   1)                 .ORIG x3000
(3000) 4926  0100100100100110 (   2)                 JSR   wipe
(3001) E2BC  1110001010111100 (  12) getNum          LEA   R1 array
(3002) 56E0  0101011011100000 (  13)                 AND   R3 R3 #0
(3003) 5B60  0101101101100000 (  14)                 AND   R5 R5 #0
(3004) E4BF  1110010010111111 (  15)                 LEA   R2 tenarray
(3005) E076  1110000001110110 (  16)                 LEA   R0 Prompt
(3006) F022  1111000000100010 (  17)                 TRAP  x22
(3007) F020  1111000000100000 (  19) loop1           TRAP  x20
(3008) 1A36  0001101000110110 (  20)                 ADD   R5 R0 #-10
(3009) 0405  0000010000000101 (  21)                 BRZ   nextL
(300A) F021  1111000000100001 (  22)                 TRAP  x21
(300B) 7040  0111000001000000 (  24)                 STR   R0 R1 #0
(300C) 16E1  0001011011100001 (  26)                 ADD   R3 R3 #1
(300D) 1261  0001001001100001 (  27)                 ADD   R1 R1 #1
(300E) 03F8  0000001111111000 (  28)                 BRP   loop1
(300F) 16FF  0001011011111111 (  33) nextL           ADD   R3 R3 #-1
(3010) 36AC  0011011010101100 (  34)                 ST    R3 LEN
(3011) 5020  0101000000100000 (  35)                 AND   R0 R0 #0
(3012) 7040  0111000001000000 (  36)                 STR   R0 R1 #0
(3013) 5FE0  0101111111100000 (  37)                 AND   R7 R7 #0
(3014) E2A9  1110001010101001 (  38)                 LEA   R1 array
(3015) 6C40  0110110001000000 (  41) loop2           LDR   R6 R1 #0
(3016) 20A5  0010000010100101 (  45)                 LD    R0 MINUS30
(3017) 1D80  0001110110000000 (  46)                 ADD   R6 R6 R0
(3018) 5020  0101000000100000 (  50)                 AND   R0 R0 #0
(3019) 1883  0001100010000011 (  51)                 ADD   R4 R2 R3
(301A) 6900  0110100100000000 (  52)                 LDR   R4 R4 #0
(301B) 1006  0001000000000110 (  55) loop3           ADD   R0 R0 R6
(301C) 193F  0001100100111111 (  56)                 ADD   R4 R4 #-1
(301D) 03FD  0000001111111101 (  57)                 BRP   loop3
(301E) 1FC0  0001111111000000 (  64)                 ADD   R7 R7 R0
(301F) 1261  0001001001100001 (  69)                 ADD   R1 R1 #1
(3020) 16FF  0001011011111111 (  70)                 ADD   R3 R3 #-1
(3021) 07F3  0000011111110011 (  72)                 BRZP  loop2
(3022) 5020  0101000000100000 (  74)                 AND   R0 R0 #0
(3023) 20FD  0010000011111101 (  75)                 LD    R0 totalNum
(3024) 0204  0000001000000100 (  76)                 BRP   numJump
(3025) 3EF9  0011111011111001 (  77)                 ST    R7 value1
(3026) 1021  0001000000100001 (  78)                 ADD   R0 R0 #1
(3027) 30F9  0011000011111001 (  79)                 ST    R0 totalNum
(3028) 03D8  0000001111011000 (  80)                 BRP   getNum
(3029) 3EF6  0011111011110110 (  82) numJump         ST    R7 value2
(302A) 5260  0101001001100000 (  85)                 AND   R1 R1 #0
(302B) 54A0  0101010010100000 (  86)                 AND   R2 R2 #0
(302C) 22F2  0010001011110010 (  87)                 LD    R1 value1
(302D) 24F2  0010010011110010 (  88)                 LD    R2 value2
(302E) E069  1110000001101001 (  90)                 LEA   R0 operand
(302F) F022  1111000000100010 (  91)                 TRAP  x22
(3030) F020  1111000000100000 (  92)                 TRAP  x20
(3031) F021  1111000000100001 (  93)                 TRAP  x21
(3032) 2684  0010011010000100 (  95)                 LD    R3 multiplicationCheck
(3033) 1A03  0001101000000011 (  96)                 ADD   R5 R0 R3
(3034) 0202  0000001000000010 (  97)                 BRP   opSkip1
(3035) 491B  0100100100011011 (  98)                 JSR   multiplication
(3036) 0E0E  0000111000001110 (  99)                 BRNZP skipAll
(3037) 2680  0010011010000000 ( 101) opSkip1         LD    R3 additionCheck
(3038) 1A03  0001101000000011 ( 102)                 ADD   R5 R0 R3
(3039) 0202  0000001000000010 ( 103)                 BRP   opSkip2
(303A) 490A  0100100100001010 ( 104)                 JSR   addition
(303B) 0E09  0000111000001001 ( 105)                 BRNZP skipAll
(303C) 267C  0010011001111100 ( 107) opSkip2         LD    R3 subtractionCheck
(303D) 1A03  0001101000000011 ( 108)                 ADD   R5 R0 R3
(303E) 0202  0000001000000010 ( 109)                 BRP   opSkip3
(303F) 4907  0100100100000111 ( 110)                 JSR   subtraction
(3040) 0E04  0000111000000100 ( 111)                 BRNZP skipAll
(3041) 4918  0100100100011000 ( 115) opSkip3         JSR   division
(3042) 20E2  0010000011100010 ( 116)                 LD    R0 quotient
(3043) 5920  0101100100100000 ( 117)                 AND   R4 R4 #0
(3044) 1921  0001100100100001 ( 118)                 ADD   R4 R4 #1
(3045) 48EC  0100100011101100 ( 122) skipAll         JSR   length
(3046) 5260  0101001001100000 ( 123)                 AND   R1 R1 #0
(3047) 1240  0001001001000000 ( 124)                 ADD   R1 R1 R0
(3048) 56E0  0101011011100000 ( 125)                 AND   R3 R3 #0
(3049) 1920  0001100100100000 ( 126)                 ADD   R4 R4 #0
(304A) 020A  0000001000001010 ( 127)                 BRP   promptSkip2
(304B) 2CD6  0010110011010110 ( 135)                 LD    R6 sign
(304C) 0404  0000010000000100 ( 136)                 BRZ   promptSkip1
(304D) E094  1110000010010100 ( 137)                 LEA   R0 endline2
(304E) F022  1111000000100010 ( 138)                 TRAP  x22
(304F) 1DA0  0001110110100000 ( 139)                 ADD   R6 R6 #0
(3050) 0206  0000001000000110 ( 140)                 BRP   skipEndline
(3051) E07E  1110000001111110 ( 142) promptSkip1     LEA   R0 endline1
(3052) F022  1111000000100010 ( 143)                 TRAP  x22
(3053) 1DA0  0001110110100000 ( 144)                 ADD   R6 R6 #0
(3054) 0402  0000010000000010 ( 145)                 BRZ   skipEndline
(3055) E09F  1110000010011111 ( 147) promptSkip2     LEA   R0 endline3
(3056) F022  1111000000100010 ( 148)                 TRAP  x22
(3057) 2A63  0010101001100011 ( 151) skipEndline     LD    R5 ASCII
(3058) 1921  0001100100100001 ( 152)                 ADD   R4 R4 #1
(3059) 2663  0010011001100011 ( 153)                 LD    R3 LEN
(305A) E86E  1110100001101110 ( 154)                 LEA   R4 tenreverse
(305B) 1925  0001100100100101 ( 155)                 ADD   R4 R4 #5
(305C) 96FF  1001011011111111 ( 157)                 NOT   R3 R3
(305D) 16E2  0001011011100010 ( 158)                 ADD   R3 R3 #2
(305E) 1903  0001100100000011 ( 159)                 ADD   R4 R4 R3
(305F) 193F  0001100100111111 ( 160)                 ADD   R4 R4 #-1
(3060) 5DA0  0101110110100000 ( 161)                 AND   R6 R6 #0
(3061) 6500  0110010100000000 ( 162)                 LDR   R2 R4 #0
(3062) 5020  0101000000100000 ( 165) printloop       AND   R0 R0 #0
(3063) 94BF  1001010010111111 ( 166)                 NOT   R2 R2
(3064) 14A1  0001010010100001 ( 167)                 ADD   R2 R2 #1
(3065) 1021  0001000000100001 ( 170) divloop         ADD   R0 R0 #1
(3066) 1242  0001001001000010 ( 171)                 ADD   R1 R1 R2
(3067) 03FD  0000001111111101 ( 172)                 BRP   divloop
(3068) 1260  0001001001100000 ( 173)                 ADD   R1 R1 #0
(3069) 0604  0000011000000100 ( 174)                 BRZP  even
(306A) 103F  0001000000111111 ( 175)                 ADD   R0 R0 #-1
(306B) 94BF  1001010010111111 ( 176)                 NOT   R2 R2
(306C) 14A1  0001010010100001 ( 177)                 ADD   R2 R2 #1
(306D) 1242  0001001001000010 ( 178)                 ADD   R1 R1 R2
(306E) 1005  0001000000000101 ( 180) even            ADD   R0 R0 R5
(306F) F021  1111000000100001 ( 181)                 TRAP  x21
(3070) 264C  0010011001001100 ( 182) back            LD    R3 LEN
(3071) 16FF  0001011011111111 ( 183)                 ADD   R3 R3 #-1
(3072) 364A  0011011001001010 ( 184)                 ST    R3 LEN
(3073) 1921  0001100100100001 ( 185)                 ADD   R4 R4 #1
(3074) 6500  0110010100000000 ( 186)                 LDR   R2 R4 #0
(3075) 1260  0001001001100000 ( 187)                 ADD   R1 R1 #0
(3076) 16E0  0001011011100000 ( 188)                 ADD   R3 R3 #0
(3077) 03EA  0000001111101010 ( 189)                 BRP   printloop
(3078) 2CAC  0010110010101100 ( 192)                 LD    R6 quotient
(3079) 0401  0000010000000001 ( 193)                 BRZ   skipRemainder
(307A) 48ED  0100100011101101 ( 194)                 JSR   getRemainder
(307B) F025  1111000000100101 ( 196) skipRemainder   TRAP  x25
(307C) 000A  0000000000001010 ( 204) Prompt          .FILL x000A
(307D) 0020  0000000000100000 ( 204)                 .FILL x0020
(307E) 0045  0000000001000101 ( 204)                 .FILL x0045
(307F) 006E  0000000001101110 ( 204)                 .FILL x006E
(3080) 0074  0000000001110100 ( 204)                 .FILL x0074
(3081) 0065  0000000001100101 ( 204)                 .FILL x0065
(3082) 0072  0000000001110010 ( 204)                 .FILL x0072
(3083) 0020  0000000000100000 ( 204)                 .FILL x0020
(3084) 0061  0000000001100001 ( 204)                 .FILL x0061
(3085) 0020  0000000000100000 ( 204)                 .FILL x0020
(3086) 0049  0000000001001001 ( 204)                 .FILL x0049
(3087) 006E  0000000001101110 ( 204)                 .FILL x006E
(3088) 0074  0000000001110100 ( 204)                 .FILL x0074
(3089) 0065  0000000001100101 ( 204)                 .FILL x0065
(308A) 0067  0000000001100111 ( 204)                 .FILL x0067
(308B) 0065  0000000001100101 ( 204)                 .FILL x0065
(308C) 0072  0000000001110010 ( 204)                 .FILL x0072
(308D) 0020  0000000000100000 ( 204)                 .FILL x0020
(308E) 003C  0000000000111100 ( 204)                 .FILL x003C
(308F) 0035  0000000000110101 ( 204)                 .FILL x0035
(3090) 0020  0000000000100000 ( 204)                 .FILL x0020
(3091) 0063  0000000001100011 ( 204)                 .FILL x0063
(3092) 0068  0000000001101000 ( 204)                 .FILL x0068
(3093) 0061  0000000001100001 ( 204)                 .FILL x0061
(3094) 0072  0000000001110010 ( 204)                 .FILL x0072
(3095) 003A  0000000000111010 ( 204)                 .FILL x003A
(3096) 0020  0000000000100000 ( 204)                 .FILL x0020
(3097) 0000  0000000000000000 ( 204)                 .FILL x0000
(3098) 000A  0000000000001010 ( 205) operand         .FILL x000A
(3099) 0020  0000000000100000 ( 205)                 .FILL x0020
(309A) 0043  0000000001000011 ( 205)                 .FILL x0043
(309B) 0068  0000000001101000 ( 205)                 .FILL x0068
(309C) 006F  0000000001101111 ( 205)                 .FILL x006F
(309D) 006F  0000000001101111 ( 205)                 .FILL x006F
(309E) 0073  0000000001110011 ( 205)                 .FILL x0073
(309F) 0065  0000000001100101 ( 205)                 .FILL x0065
(30A0) 0020  0000000000100000 ( 205)                 .FILL x0020
(30A1) 0061  0000000001100001 ( 205)                 .FILL x0061
(30A2) 0020  0000000000100000 ( 205)                 .FILL x0020
(30A3) 006F  0000000001101111 ( 205)                 .FILL x006F
(30A4) 0070  0000000001110000 ( 205)                 .FILL x0070
(30A5) 0065  0000000001100101 ( 205)                 .FILL x0065
(30A6) 0072  0000000001110010 ( 205)                 .FILL x0072
(30A7) 0061  0000000001100001 ( 205)                 .FILL x0061
(30A8) 0074  0000000001110100 ( 205)                 .FILL x0074
(30A9) 0069  0000000001101001 ( 205)                 .FILL x0069
(30AA) 006F  0000000001101111 ( 205)                 .FILL x006F
(30AB) 006E  0000000001101110 ( 205)                 .FILL x006E
(30AC) 003A  0000000000111010 ( 205)                 .FILL x003A
(30AD) 0020  0000000000100000 ( 205)                 .FILL x0020
(30AE) 002B  0000000000101011 ( 205)                 .FILL x002B
(30AF) 0020  0000000000100000 ( 205)                 .FILL x0020
(30B0) 002D  0000000000101101 ( 205)                 .FILL x002D
(30B1) 0020  0000000000100000 ( 205)                 .FILL x0020
(30B2) 002A  0000000000101010 ( 205)                 .FILL x002A
(30B3) 0020  0000000000100000 ( 205)                 .FILL x0020
(30B4) 002F  0000000000101111 ( 205)                 .FILL x002F
(30B5) 0020  0000000000100000 ( 205)                 .FILL x0020
(30B6) 0000  0000000000000000 ( 205)                 .FILL x0000
(30B7) FFD6  1111111111010110 ( 206) multiplicationCheck .FILL xFFD6
(30B8) FFD5  1111111111010101 ( 207) additionCheck   .FILL xFFD5
(30B9) FFD3  1111111111010011 ( 208) subtractionCheck .FILL xFFD3
(30BA) FFD1  1111111111010001 ( 209) divisionCheck   .FILL xFFD1
(30BB) 0030  0000000000110000 ( 210) ASCII           .FILL x0030
(30BC) FFD0  1111111111010000 ( 211) MINUS30         .FILL xFFD0
(30BD) 0000  0000000000000000 ( 212) LEN             .FILL x0000
(30BE) 0000  0000000000000000 ( 213) array           .FILL x0000
(30BF) 0000  0000000000000000 ( 213)                 .FILL x0000
(30C0) 0000  0000000000000000 ( 213)                 .FILL x0000
(30C1) 0000  0000000000000000 ( 213)                 .FILL x0000
(30C2) 0000  0000000000000000 ( 213)                 .FILL x0000
(30C3) 0000  0000000000000000 ( 213)                 .FILL x0000
(30C4) 0001  0000000000000001 ( 214) tenarray        .FILL x0001
(30C5) 000A  0000000000001010 ( 215)                 .FILL x000A
(30C6) 0064  0000000001100100 ( 216)                 .FILL x0064
(30C7) 03E8  0000001111101000 ( 217)                 .FILL x03E8
(30C8) 2710  0010011100010000 ( 218)                 .FILL x2710
(30C9) 2710  0010011100010000 ( 220) tenreverse      .FILL x2710
(30CA) 03E8  0000001111101000 ( 221)                 .FILL x03E8
(30CB) 0064  0000000001100100 ( 222)                 .FILL x0064
(30CC) 000A  0000000000001010 ( 223)                 .FILL x000A
(30CD) 0001  0000000000000001 ( 224)                 .FILL x0001
(30CE) FFF2  1111111111110010 ( 225) EOL             .FILL xFFF2
(30CF) 0000  0000000000000000 ( 226) number          .FILL x0000
(30D0) 000A  0000000000001010 ( 227) endline1        .FILL x000A
(30D1) 0020  0000000000100000 ( 227)                 .FILL x0020
(30D2) 0054  0000000001010100 ( 227)                 .FILL x0054
(30D3) 0068  0000000001101000 ( 227)                 .FILL x0068
(30D4) 0065  0000000001100101 ( 227)                 .FILL x0065
(30D5) 0020  0000000000100000 ( 227)                 .FILL x0020
(30D6) 004E  0000000001001110 ( 227)                 .FILL x004E
(30D7) 0075  0000000001110101 ( 227)                 .FILL x0075
(30D8) 006D  0000000001101101 ( 227)                 .FILL x006D
(30D9) 0062  0000000001100010 ( 227)                 .FILL x0062
(30DA) 0065  0000000001100101 ( 227)                 .FILL x0065
(30DB) 0072  0000000001110010 ( 227)                 .FILL x0072
(30DC) 0020  0000000000100000 ( 227)                 .FILL x0020
(30DD) 0069  0000000001101001 ( 227)                 .FILL x0069
(30DE) 0073  0000000001110011 ( 227)                 .FILL x0073
(30DF) 003A  0000000000111010 ( 227)                 .FILL x003A
(30E0) 0020  0000000000100000 ( 227)                 .FILL x0020
(30E1) 0000  0000000000000000 ( 227)                 .FILL x0000
(30E2) 000A  0000000000001010 ( 228) endline2        .FILL x000A
(30E3) 0020  0000000000100000 ( 228)                 .FILL x0020
(30E4) 0054  0000000001010100 ( 228)                 .FILL x0054
(30E5) 0068  0000000001101000 ( 228)                 .FILL x0068
(30E6) 0065  0000000001100101 ( 228)                 .FILL x0065
(30E7) 0020  0000000000100000 ( 228)                 .FILL x0020
(30E8) 004E  0000000001001110 ( 228)                 .FILL x004E
(30E9) 0075  0000000001110101 ( 228)                 .FILL x0075
(30EA) 006D  0000000001101101 ( 228)                 .FILL x006D
(30EB) 0062  0000000001100010 ( 228)                 .FILL x0062
(30EC) 0065  0000000001100101 ( 228)                 .FILL x0065
(30ED) 0072  0000000001110010 ( 228)                 .FILL x0072
(30EE) 0020  0000000000100000 ( 228)                 .FILL x0020
(30EF) 0069  0000000001101001 ( 228)                 .FILL x0069
(30F0) 0073  0000000001110011 ( 228)                 .FILL x0073
(30F1) 003A  0000000000111010 ( 228)                 .FILL x003A
(30F2) 0020  0000000000100000 ( 228)                 .FILL x0020
(30F3) 002D  0000000000101101 ( 228)                 .FILL x002D
(30F4) 0000  0000000000000000 ( 228)                 .FILL x0000
(30F5) 000A  0000000000001010 ( 229) endline3        .FILL x000A
(30F6) 0020  0000000000100000 ( 229)                 .FILL x0020
(30F7) 0054  0000000001010100 ( 229)                 .FILL x0054
(30F8) 0068  0000000001101000 ( 229)                 .FILL x0068
(30F9) 0065  0000000001100101 ( 229)                 .FILL x0065
(30FA) 0020  0000000000100000 ( 229)                 .FILL x0020
(30FB) 0051  0000000001010001 ( 229)                 .FILL x0051
(30FC) 0075  0000000001110101 ( 229)                 .FILL x0075
(30FD) 006F  0000000001101111 ( 229)                 .FILL x006F
(30FE) 0074  0000000001110100 ( 229)                 .FILL x0074
(30FF) 0069  0000000001101001 ( 229)                 .FILL x0069
(3100) 0065  0000000001100101 ( 229)                 .FILL x0065
(3101) 006E  0000000001101110 ( 229)                 .FILL x006E
(3102) 0074  0000000001110100 ( 229)                 .FILL x0074
(3103) 0020  0000000000100000 ( 229)                 .FILL x0020
(3104) 0069  0000000001101001 ( 229)                 .FILL x0069
(3105) 0073  0000000001110011 ( 229)                 .FILL x0073
(3106) 003A  0000000000111010 ( 229)                 .FILL x003A
(3107) 0020  0000000000100000 ( 229)                 .FILL x0020
(3108) 0000  0000000000000000 ( 229)                 .FILL x0000
(3109) 0020  0000000000100000 ( 230) endline4        .FILL x0020
(310A) 0054  0000000001010100 ( 230)                 .FILL x0054
(310B) 0068  0000000001101000 ( 230)                 .FILL x0068
(310C) 0065  0000000001100101 ( 230)                 .FILL x0065
(310D) 0020  0000000000100000 ( 230)                 .FILL x0020
(310E) 0052  0000000001010010 ( 230)                 .FILL x0052
(310F) 0065  0000000001100101 ( 230)                 .FILL x0065
(3110) 006D  0000000001101101 ( 230)                 .FILL x006D
(3111) 0061  0000000001100001 ( 230)                 .FILL x0061
(3112) 0069  0000000001101001 ( 230)                 .FILL x0069
(3113) 006E  0000000001101110 ( 230)                 .FILL x006E
(3114) 0064  0000000001100100 ( 230)                 .FILL x0064
(3115) 0065  0000000001100101 ( 230)                 .FILL x0065
(3116) 0072  0000000001110010 ( 230)                 .FILL x0072
(3117) 0020  0000000000100000 ( 230)                 .FILL x0020
(3118) 0069  0000000001101001 ( 230)                 .FILL x0069
(3119) 0073  0000000001110011 ( 230)                 .FILL x0073
(311A) 003A  0000000000111010 ( 230)                 .FILL x003A
(311B) 0020  0000000000100000 ( 230)                 .FILL x0020
(311C) 0000  0000000000000000 ( 230)                 .FILL x0000
(311D) 0030  0000000000110000 ( 231) zero            .FILL x0030
(311E) 0000  0000000000000000 ( 231)                 .FILL x0000
(311F) 0000  0000000000000000 ( 232) value1          .FILL x0000
(3120) 0000  0000000000000000 ( 233) value2          .FILL x0000
(3121) 0000  0000000000000000 ( 234) totalNum        .FILL x0000
(3122) 0000  0000000000000000 ( 235) sign            .FILL x0000
(3123) 0002  0000000000000010 ( 236) count           .FILL x0002
(3124) 0000  0000000000000000 ( 237) remainder       .FILL x0000
(3125) 0000  0000000000000000 ( 238) quotient        .FILL x0000
(3126) 0000  0000000000000000 ( 239) remainderReturn .FILL x0000
(3127) 5DA0  0101110110100000 ( 245) wipe            AND   R6 R6 #0
(3128) 5B60  0101101101100000 ( 246)                 AND   R5 R5 #0
(3129) 5920  0101100100100000 ( 247)                 AND   R4 R4 #0
(312A) 56E0  0101011011100000 ( 248)                 AND   R3 R3 #0
(312B) 54A0  0101010010100000 ( 249)                 AND   R2 R2 #0
(312C) 5260  0101001001100000 ( 250)                 AND   R1 R1 #0
(312D) 5020  0101000000100000 ( 251)                 AND   R0 R0 #0
(312E) 31F2  0011000111110010 ( 252)                 ST    R0 totalNum
(312F) 3DF5  0011110111110101 ( 253)                 ST    R6 quotient
(3130) 3DF1  0011110111110001 ( 254)                 ST    R6 sign
(3131) C1C0  1100000111000000 ( 255)                 RET   
(3132) 56E0  0101011011100000 ( 258) length          AND   R3 R3 #0
(3133) 1620  0001011000100000 ( 259)                 ADD   R3 R0 #0
(3134) 5260  0101001001100000 ( 260)                 AND   R1 R1 #0
(3135) 1264  0001001001100100 ( 261)                 ADD   R1 R1 #4
(3136) E58D  1110010110001101 ( 262) loop4           LEA   R2 tenarray
(3137) 1481  0001010010000001 ( 263)                 ADD   R2 R2 R1
(3138) 6480  0110010010000000 ( 264)                 LDR   R2 R2 #0
(3139) 94BF  1001010010111111 ( 265)                 NOT   R2 R2
(313A) 14A1  0001010010100001 ( 266)                 ADD   R2 R2 #1
(313B) 16C2  0001011011000010 ( 267)                 ADD   R3 R3 R2
(313C) 0605  0000011000000101 ( 268)                 BRZP  END
(313D) 94BF  1001010010111111 ( 269)                 NOT   R2 R2
(313E) 14A1  0001010010100001 ( 270)                 ADD   R2 R2 #1
(313F) 16C2  0001011011000010 ( 271)                 ADD   R3 R3 R2
(3140) 127F  0001001001111111 ( 272)                 ADD   R1 R1 #-1
(3141) 03F4  0000001111110100 ( 273)                 BRP   loop4
(3142) 1261  0001001001100001 ( 275) END             ADD   R1 R1 #1
(3143) 3379  0011001101111001 ( 276)                 ST    R1 LEN
(3144) C1C0  1100000111000000 ( 277)                 RET   
(3145) 1042  0001000001000010 ( 280) addition        ADD   R0 R1 R2
(3146) C1C0  1100000111000000 ( 281)                 RET   
(3147) 94BF  1001010010111111 ( 284) subtraction     NOT   R2 R2
(3148) 14A1  0001010010100001 ( 285)                 ADD   R2 R2 #1
(3149) 1042  0001000001000010 ( 286)                 ADD   R0 R1 R2
(314A) 0605  0000011000000101 ( 287)                 BRZP  skip
(314B) 2DD6  0010110111010110 ( 288)                 LD    R6 sign
(314C) 1DA1  0001110110100001 ( 289)                 ADD   R6 R6 #1
(314D) 3DD4  0011110111010100 ( 290)                 ST    R6 sign
(314E) 903F  1001000000111111 ( 291)                 NOT   R0 R0
(314F) 1021  0001000000100001 ( 292)                 ADD   R0 R0 #1
(3150) C1C0  1100000111000000 ( 294) skip            RET   
(3151) 5020  0101000000100000 ( 297) multiplication  AND   R0 R0 #0
(3152) 1260  0001001001100000 ( 298)                 ADD   R1 R1 #0
(3153) 0804  0000100000000100 ( 300)                 BRN   RZERO
(3154) 1002  0001000000000010 ( 302) MULTLOOP        ADD   R0 R0 R2
(3155) 127F  0001001001111111 ( 304)                 ADD   R1 R1 #-1
(3156) 03FD  0000001111111101 ( 306)                 BRP   MULTLOOP
(3157) C1C0  1100000111000000 ( 307)                 RET   
(3158) 5020  0101000000100000 ( 308) RZERO           AND   R0 R0 #0
(3159) C1C0  1100000111000000 ( 309)                 RET   
(315A) 56E0  0101011011100000 ( 312) division        AND   R3 R3 #0
(315B) 94BF  1001010010111111 ( 313)                 NOT   R2 R2
(315C) 14A1  0001010010100001 ( 314)                 ADD   R2 R2 #1
(315D) 16E1  0001011011100001 ( 316) divloop2        ADD   R3 R3 #1
(315E) 1242  0001001001000010 ( 317)                 ADD   R1 R1 R2
(315F) 03FD  0000001111111101 ( 318)                 BRP   divloop2
(3160) 0404  0000010000000100 ( 319)                 BRZ   divdone
(3161) 16FF  0001011011111111 ( 320)                 ADD   R3 R3 #-1
(3162) 94BF  1001010010111111 ( 321)                 NOT   R2 R2
(3163) 14A1  0001010010100001 ( 322)                 ADD   R2 R2 #1
(3164) 1242  0001001001000010 ( 323)                 ADD   R1 R1 R2
(3165) 33BE  0011001110111110 ( 325) divdone         ST    R1 remainder
(3166) 37BE  0011011110111110 ( 326)                 ST    R3 quotient
(3167) C1C0  1100000111000000 ( 327)                 RET   
(3168) 3FBD  0011111110111101 ( 330) getRemainder    ST    R7 remainderReturn
(3169) 21BA  0010000110111010 ( 331)                 LD    R0 remainder
(316A) 4FC7  0100111111000111 ( 332)                 JSR   length
(316B) 5260  0101001001100000 ( 333)                 AND   R1 R1 #0
(316C) 1240  0001001001000000 ( 334)                 ADD   R1 R1 R0
(316D) 1920  0001100100100000 ( 335)                 ADD   R4 R4 #0
(316E) E19A  1110000110011010 ( 337)                 LEA   R0 endline4
(316F) F022  1111000000100010 ( 338)                 TRAP  x22
(3170) 2B4A  0010101101001010 ( 340)                 LD    R5 ASCII
(3171) 1921  0001100100100001 ( 341)                 ADD   R4 R4 #1
(3172) 274A  0010011101001010 ( 342)                 LD    R3 LEN
(3173) E955  1110100101010101 ( 343)                 LEA   R4 tenreverse
(3174) 1925  0001100100100101 ( 344)                 ADD   R4 R4 #5
(3175) 96FF  1001011011111111 ( 346)                 NOT   R3 R3
(3176) 16E2  0001011011100010 ( 347)                 ADD   R3 R3 #2
(3177) 1903  0001100100000011 ( 348)                 ADD   R4 R4 R3
(3178) 193F  0001100100111111 ( 349)                 ADD   R4 R4 #-1
(3179) 5DA0  0101110110100000 ( 350)                 AND   R6 R6 #0
(317A) 6500  0110010100000000 ( 351)                 LDR   R2 R4 #0
(317B) 5020  0101000000100000 ( 354) printloop2      AND   R0 R0 #0
(317C) 94BF  1001010010111111 ( 355)                 NOT   R2 R2
(317D) 14A1  0001010010100001 ( 356)                 ADD   R2 R2 #1
(317E) 1021  0001000000100001 ( 359) divloop3        ADD   R0 R0 #1
(317F) 1242  0001001001000010 ( 360)                 ADD   R1 R1 R2
(3180) 03FD  0000001111111101 ( 361)                 BRP   divloop3
(3181) 1260  0001001001100000 ( 362)                 ADD   R1 R1 #0
(3182) 0604  0000011000000100 ( 363)                 BRZP  even2
(3183) 103F  0001000000111111 ( 364)                 ADD   R0 R0 #-1
(3184) 94BF  1001010010111111 ( 365)                 NOT   R2 R2
(3185) 14A1  0001010010100001 ( 366)                 ADD   R2 R2 #1
(3186) 1242  0001001001000010 ( 367)                 ADD   R1 R1 R2
(3187) 1005  0001000000000101 ( 369) even2           ADD   R0 R0 R5
(3188) F021  1111000000100001 ( 370)                 TRAP  x21
(3189) 2733  0010011100110011 ( 371) back2           LD    R3 LEN
(318A) 16FF  0001011011111111 ( 372)                 ADD   R3 R3 #-1
(318B) 3731  0011011100110001 ( 373)                 ST    R3 LEN
(318C) 1921  0001100100100001 ( 374)                 ADD   R4 R4 #1
(318D) 6500  0110010100000000 ( 375)                 LDR   R2 R4 #0
(318E) 1260  0001001001100000 ( 376)                 ADD   R1 R1 #0
(318F) 16E0  0001011011100000 ( 377)                 ADD   R3 R3 #0
(3190) 03EA  0000001111101010 ( 378)                 BRP   printloop2
(3191) 2F94  0010111110010100 ( 379)                 LD    R7 remainderReturn
(3192) C1C0  1100000111000000 ( 381)                 RET   
